<?xml version="1.0" encoding="UTF-8" ?>
<testsuite tests="4" failures="0" name="WordLadderJAVA.AppTest" time="2.478" errors="0" skipped="0">
  <properties>
[...]
</properties>
  <testcase classname="WordLadderJAVA.AppTest" name="testLoadDict" time="0.158"/>
  <testcase classname="WordLadderJAVA.AppTest" name="testCheck" time="0.095"/>
  <testcase classname="WordLadderJAVA.AppTest" name="testFindingLadder" time="2.225"/>
  <testcase classname="WordLadderJAVA.AppTest" name="testLoadDictFail" time="0"/>
</testsuite>